<?xml version="1.0" encoding="UTF-8"?>
<testsuite name="org.example.DbConnectTest" tests="2" skipped="0" failures="0" errors="0" timestamp="2023-03-09T18:18:12" hostname="DESKTOP-MEFN6FK" time="0.135">
  <properties/>
  <testcase name="getConn()" classname="org.example.DbConnectTest" time="0.07"/>
  <testcase name="tableCreateTest()" classname="org.example.DbConnectTest" time="0.064"/>
  <system-out><![CDATA[Connected to the PostgreSQL server successfully.
Connected to the PostgreSQL server successfully.
Connected to the PostgreSQL server successfully.
]]></system-out>
  <system-err><![CDATA[]]></system-err>
</testsuite>
