<?xml version="1.0" encoding="UTF-8"?>
<testsuite name="org.example.InstructorTest" tests="6" skipped="0" failures="0" errors="0" timestamp="2023-03-09T18:18:12" hostname="DESKTOP-MEFN6FK" time="0.456">
  <properties/>
  <testcase name="changeInfo()" classname="org.example.InstructorTest" time="0.085"/>
  <testcase name="offercoursetest()" classname="org.example.InstructorTest" time="0.141"/>
  <testcase name="Login()" classname="org.example.InstructorTest" time="0.068"/>
  <testcase name="approveReq()" classname="org.example.InstructorTest" time="0.043"/>
  <testcase name="uploadGrade()" classname="org.example.InstructorTest" time="0.046"/>
  <testcase name="viewGrades()" classname="org.example.InstructorTest" time="0.069"/>
  <system-out><![CDATA[Connected to the PostgreSQL server successfully.
Select 1. To change contact number 2. To change password. 3. To go back dashboard
Enter the new contact number: 
ok
Select 1. To change contact number 2. To change password. 3. To go back dashboard
Choose your new password: 
Select 1. To change contact number 2. To change password. 3. To go back dashboard
Connected to the PostgreSQL server successfully.
Select 1. To view the course catalog 2. To offer a course 3. View your offered courses for this semester 4. Deregister offered course 5. To go back dashboard
Enter the course code or enter q to return to dashboard: 
Course does not exist in the catalog! Try again.
Enter the course code or enter q to return to dashboard: 
Offered successfully
Select 1. To view the course catalog 2. To offer a course 3. View your offered courses for this semester 4. Deregister offered course 5. To go back dashboard
Select 1. To view the course catalog 2. To offer a course 3. View your offered courses for this semester 4. Deregister offered course 5. To go back dashboard
Enter the course code or enter q to return to dashboard: 
Already offered course! Try again.
Enter the course code or enter q to return to dashboard: 
Select 1. To view the course catalog 2. To offer a course 3. View your offered courses for this semester 4. Deregister offered course 5. To go back dashboard
+--------+---------------+---------------+---------+-----+-----+-----+-----+-----+-----+-----+
| Course | Course Name   | LTPs          | Credits | CSB | MCB | EEB | CHB | MMB | CEB | MEB |
| ID     |               |               |         |     |     |     |     |     |     |     |
+--------+---------------+---------------+---------+-----+-----+-----+-----+-----+-----+-----+
| CS101  | DISCRETE      | 3-1-0-5       | 3       | pc  | pc  |     |     |     |     |     |
|        | MATHEMATICAL  |               |         |     |     |     |     |     |     |     |
|        | STRUCTURES    |               |         |     |     |     |     |     |     |     |
+--------+---------------+---------------+---------+-----+-----+-----+-----+-----+-----+-----+
| CS304  | Computer      | 3-1-2-6       | 4       | pc  |     |     |     |     |     |     |
|        | Networks      |               |         |     |     |     |     |     |     |     |
+--------+---------------+---------------+---------+-----+-----+-----+-----+-----+-----+-----+
| CS305  | Software      | 3-0-2-7       | 4       | pc  |     |     |     |     |     |     |
|        | Engineering   |               |         |     |     |     |     |     |     |     |
+--------+---------------+---------------+---------+-----+-----+-----+-----+-----+-----+-----+
| CS302  | Analysis  and | 3-1-0-5       | 3       | pc  |     |     |     |     |     |     |
|        | Design     of |               |         |     |     |     |     |     |     |     |
|        | Algorithms    |               |         |     |     |     |     |     |     |     |
+--------+---------------+---------------+---------+-----+-----+-----+-----+-----+-----+-----+
| CS303  | Operating     | 3-1-2-6       | 4       | pc  |     |     |     |     |     |     |
|        | Systems       |               |         |     |     |     |     |     |     |     |
+--------+---------------+---------------+---------+-----+-----+-----+-----+-----+-----+-----+
| CS204  | Computer      | 3-1-2-6       | 4       | pc  |     |     |     |     |     |     |
|        | Architecture  |               |         |     |     |     |     |     |     |     |
+--------+---------------+---------------+---------+-----+-----+-----+-----+-----+-----+-----+
| CS202  | Programming   | 3-1-2-6       | 4       | pc  |     |     |     |     |     |     |
|        | Paradigms and |               |         |     |     |     |     |     |     |     |
|        | Pragmatics    |               |         |     |     |     |     |     |     |     |
+--------+---------------+---------------+---------+-----+-----+-----+-----+-----+-----+-----+
| CS203  | Digital Logic | 3-1-3-6       | 4       | pc  |     |     |     |     |     |     |
|        | Design        |               |         |     |     |     |     |     |     |     |
+--------+---------------+---------------+---------+-----+-----+-----+-----+-----+-----+-----+
| CS201  | Data          | 3-1-2-6       | 4       | pc  |     |     |     |     |     |     |
|        | Structures    |               |         |     |     |     |     |     |     |     |
+--------+---------------+---------------+---------+-----+-----+-----+-----+-----+-----+-----+
| CS306  | Theory     of | 3-1-0-5       | 3       | pc  |     |     |     |     |     |     |
|        | Computation   |               |         |     |     |     |     |     |     |     |
+--------+---------------+---------------+---------+-----+-----+-----+-----+-----+-----+-----+
| MA101  | Calculus      | 3-1-0-5       | 3       | sc  |     |     |     |     |     |     |
+--------+---------------+---------------+---------+-----+-----+-----+-----+-----+-----+-----+
| HS103  | Professional  | 2-2/3-2-13/3  | 3       | hc  |     |     |     |     |     |     |
|        | English       |               |         |     |     |     |     |     |     |     |
|        | Communication |               |         |     |     |     |     |     |     |     |
+--------+---------------+---------------+---------+-----+-----+-----+-----+-----+-----+-----+
| GE104  | Introduction  | 2-2/3-2-13/3  | 3       | gr  |     |     |     |     |     |     |
|        | to Electrical |               |         |     |     |     |     |     |     |     |
|        | Engineering   |               |         |     |     |     |     |     |     |     |
+--------+---------------+---------------+---------+-----+-----+-----+-----+-----+-----+-----+
| GE102  | Workshop      | 0-0-4-2       | 2       | gr  |     |     |     |     |     |     |
|        | Practice      |               |         |     |     |     |     |     |     |     |
+--------+---------------+---------------+---------+-----+-----+-----+-----+-----+-----+-----+
| HS101  | History    of | 3/2-1/2-0-5/2 | 1       | hc  |     |     |     |     |     |     |
|        | Technology    |               |         |     |     |     |     |     |     |     |
+--------+---------------+---------------+---------+-----+-----+-----+-----+-----+-----+-----+
| PH101  | Physics   for | 3-1-0-5       | 3       | sc  |     |     |     |     |     |     |
|        | Engineers     |               |         |     |     |     |     |     |     |     |
+--------+---------------+---------------+---------+-----+-----+-----+-----+-----+-----+-----+
| PH102  | Physics   for | 0-0-4-2       | 2       | sc  |     |     |     |     |     |     |
|        | Engineers Lab |               |         |     |     |     |     |     |     |     |
+--------+---------------+---------------+---------+-----+-----+-----+-----+-----+-----+-----+
| MA102  | Linear        | 3-1-0-5       | 3       | sc  |     |     |     |     |     |     |
|        | Algebra       |               |         |     |     |     |     |     |     |     |
+--------+---------------+---------------+---------+-----+-----+-----+-----+-----+-----+-----+
| CY101  | Chemistry for | 3-1-2-6       | 4       | sc  |     |     |     |     |     |     |
|        | Engineers     |               |         |     |     |     |     |     |     |     |
+--------+---------------+---------------+---------+-----+-----+-----+-----+-----+-----+-----+
| GE103  | Introduction  | 3-1-3-13/2    | 4       | gr  |     |     |     |     |     |     |
|        | to   Computer |               |         |     |     |     |     |     |     |     |
|        | Programming & |               |         |     |     |     |     |     |     |     |
|        | Data          |               |         |     |     |     |     |     |     |     |
|        | Structure     |               |         |     |     |     |     |     |     |     |
+--------+---------------+---------------+---------+-----+-----+-----+-----+-----+-----+-----+
| GE105  | Engineering   | 0-0-3-3/2     | 1       | gr  |     |     |     |     |     |     |
|        | Drawing       |               |         |     |     |     |     |     |     |     |
+--------+---------------+---------------+---------+-----+-----+-----+-----+-----+-----+-----+
| GE101  | Technology    | 0-0-2-1       | 1       | gr  |     |     |     |     |     |     |
|        | Museum Lab    |               |         |     |     |     |     |     |     |     |
+--------+---------------+---------------+---------+-----+-----+-----+-----+-----+-----+-----+
| MA201  | Differential  | 3-1-0-5       | 3       | sc  |     |     |     |     |     |     |
|        | Equations     |               |         |     |     |     |     |     |     |     |
+--------+---------------+---------------+---------+-----+-----+-----+-----+-----+-----+-----+
| EE201  | Signals   and | 3-1-0-5       | 3       | gr  |     |     |     |     |     |     |
|        | Systems       |               |         |     |     |     |     |     |     |     |
+--------+---------------+---------------+---------+-----+-----+-----+-----+-----+-----+-----+
| HS201  | Economics     | 3-1-0-5       | 3       | hc  |     |     |     |     |     |     |
+--------+---------------+---------------+---------+-----+-----+-----+-----+-----+-----+-----+
| GE107  | Tinkering Lab | 0-0-3-3/2     | 1       | gr  |     |     |     |     |     |     |
+--------+---------------+---------------+---------+-----+-----+-----+-----+-----+-----+-----+
| MA202  | Probability   | 3-1-0-5       | 3       | sc  |     |     |     |     |     |     |
|        | and           |               |         |     |     |     |     |     |     |     |
|        | Statistics    |               |         |     |     |     |     |     |     |     |
+--------+---------------+---------------+---------+-----+-----+-----+-----+-----+-----+-----+
| HS202  | Human         | 1-1/3-4-11/3  | 3       | hc  |     |     |     |     |     |     |
|        | Geography and |               |         |     |     |     |     |     |     |     |
|        | Societal      |               |         |     |     |     |     |     |     |     |
|        | Needs         |               |         |     |     |     |     |     |     |     |
+--------+---------------+---------------+---------+-----+-----+-----+-----+-----+-----+-----+
| GE108  | Basic         | 2-2/3-2-13/3  | 3       | gr  |     |     |     |     |     |     |
|        | Electronics   |               |         |     |     |     |     |     |     |     |
+--------+---------------+---------------+---------+-----+-----+-----+-----+-----+-----+-----+
| GE109  | Introduction  | 0-0-2-1       | 1       | gr  |     |     |     |     |     |     |
|        | to            |               |         |     |     |     |     |     |     |     |
|        | Engineering   |               |         |     |     |     |     |     |     |     |
|        | Products      |               |         |     |     |     |     |     |     |     |
+--------+---------------+---------------+---------+-----+-----+-----+-----+-----+-----+-----+
| BM101  | Biology   for | 3-1-0-5       | 3       | sc  |     |     |     |     |     |     |
|        | Engineers     |               |         |     |     |     |     |     |     |     |
+--------+---------------+---------------+---------+-----+-----+-----+-----+-----+-----+-----+
| HS301  | Industrial    | 3-1-0-5       | 3       | hc  |     |     |     |     |     |     |
|        | Management    |               |         |     |     |     |     |     |     |     |
+--------+---------------+---------------+---------+-----+-----+-----+-----+-----+-----+-----+
| HS104  | Professional  | 1-1/3-1-13/6  | 1       | hc  |     |     |     |     |     |     |
|        | Ethics        |               |         |     |     |     |     |     |     |     |
+--------+---------------+---------------+---------+-----+-----+-----+-----+-----+-----+-----+
| CP301  | Development   | 0-0-6-3       | 3       | cp  |     |     |     |     |     |     |
|        | Engineering   |               |         |     |     |     |     |     |     |     |
|        | Project       |               |         |     |     |     |     |     |     |     |
+--------+---------------+---------------+---------+-----+-----+-----+-----+-----+-----+-----+
| CP302  | Capstone      | 0-0-6-3       | 3       | cp  |     |     |     |     |     |     |
|        | Project I     |               |         |     |     |     |     |     |     |     |
+--------+---------------+---------------+---------+-----+-----+-----+-----+-----+-----+-----+
| CP303  | Capstone      | 0-0-6-3       | 3       | cp  |     |     |     |     |     |     |
|        | Project II    |               |         |     |     |     |     |     |     |     |
+--------+---------------+---------------+---------+-----+-----+-----+-----+-----+-----+-----+
| GE111  | Introduction  | 3-1-0-5       | 3       | gr  |     |     |     |     |     |     |
|        | to            |               |         |     |     |     |     |     |     |     |
|        | Environmental |               |         |     |     |     |     |     |     |     |
|        | Science     & |               |         |     |     |     |     |     |     |     |
|        | Engineering   |               |         |     |     |     |     |     |     |     |
+--------+---------------+---------------+---------+-----+-----+-----+-----+-----+-----+-----+
| CS301  | Databases     | 3-1-2-6       | 4       | pc  |     |     |     |     |     |     |
+--------+---------------+---------------+---------+-----+-----+-----+-----+-----+-----+-----+
| CS332  | radnom        | 3-1-0-5       | 3       | pe  |     |     |     |     |     |     |
+--------+---------------+---------------+---------+-----+-----+-----+-----+-----+-----+-----+
Select 1. To view the course catalog 2. To offer a course 3. View your offered courses for this semester 4. Deregister offered course 5. To go back dashboard
Invalid Input: 
Select 1. To view the course catalog 2. To offer a course 3. View your offered courses for this semester 4. Deregister offered course 5. To go back dashboard
Select 1. To view the course catalog 2. To offer a course 3. View your offered courses for this semester 4. Deregister offered course 5. To go back dashboard
+--------+------------+--------+
| Course | Instructor | CGPA   |
| ID     | ID         | cutoff |
+--------+------------+--------+
| CS304  | CSE0001    | 10     |
+--------+------------+--------+
| CS332  | CSE0001    | 0      |
+--------+------------+--------+
| CS306  | CSE0001    | 0      |
+--------+------------+--------+
| BM101  | CSE0001    | 0      |
+--------+------------+--------+
| GE102  | CSE0001    | 0      |
+--------+------------+--------+
Select 1. To view the course catalog 2. To offer a course 3. View your offered courses for this semester 4. Deregister offered course 5. To go back dashboard
Select 1. To view the course catalog 2. To offer a course 3. View your offered courses for this semester 4. Deregister offered course 5. To go back dashboard
Enter the course code: 
Deregistered successfully
Select 1. To view the course catalog 2. To offer a course 3. View your offered courses for this semester 4. Deregister offered course 5. To go back dashboard
Select 1. To view the course catalog 2. To offer a course 3. View your offered courses for this semester 4. Deregister offered course 5. To go back dashboard
Enter the course code: 
Could not deregister this course. Check for typo or existence in this semester.
Select 1. To view the course catalog 2. To offer a course 3. View your offered courses for this semester 4. Deregister offered course 5. To go back dashboard
Connected to the PostgreSQL server successfully.
Login successful! Welcome instructor1!
Connected to the PostgreSQL server successfully.
Select 1. To view requests 2. To approve all pending 3. Approve invidiually 4. Back to Dashboard
+--------+-------------+
| Course | Student ID  |
| ID     |             |
+--------+-------------+
| BM101  | 2020csb1000 |
+--------+-------------+
| CS304  | 2020csb1000 |
+--------+-------------+
Select 1. To view requests 2. To approve all pending 3. Approve invidiually 4. Back to Dashboard
Select 1. To view requests 2. To approve all pending 3. Approve invidiually 4. Back to Dashboard
Connected to the PostgreSQL server successfully.
Enter the file containing grades for this semester or q to leave: 
Connected to the PostgreSQL server successfully.
Enter the ID of the student whose grades you want to view:
+--------+----------+-------+------+
| Course | Academic | Grade | Type |
| ID     | Session  |       |      |
+--------+----------+-------+------+
| GE102  | 2020W    | A     | gr   |
+--------+----------+-------+------+
| GE104  | 2020W    | A     | gr   |
+--------+----------+-------+------+
| HS101  | 2020W    | F     | hc   |
+--------+----------+-------+------+
| HS103  | 2020W    | A     | hc   |
+--------+----------+-------+------+
| MA101  | 2020W    | A     | sc   |
+--------+----------+-------+------+
| PH101  | 2020W    | A     | sc   |
+--------+----------+-------+------+
| PH102  | 2020W    | A     | sc   |
+--------+----------+-------+------+
| MA102  | 2020S    |       | sc   |
+--------+----------+-------+------+
| CY101  | 2020S    |       | sc   |
+--------+----------+-------+------+
| GE103  | 2020S    |       | gr   |
+--------+----------+-------+------+
| GE105  | 2020S    |       | gr   |
+--------+----------+-------+------+
| GE101  | 2020S    |       | gr   |
+--------+----------+-------+------+
| CS101  | 2020S    |       | pc   |
+--------+----------+-------+------+
| CS301  | 2020S    |       | pc   |
+--------+----------+-------+------+
| CP301  | 2020W    | A     | cp   |
+--------+----------+-------+------+
| CS302  | 2020W    | A     | pc   |
+--------+----------+-------+------+
| CS332  | 2020W    | A     | pe   |
+--------+----------+-------+------+
Semester 1: 9.433962264150944
CGPA: 10.0
]]></system-out>
  <system-err><![CDATA[]]></system-err>
</testsuite>
