<?xml version="1.0" encoding="UTF-8"?>
<testsuite name="org.example.UtilitiesTest" tests="1" skipped="0" failures="0" errors="0" timestamp="2023-03-09T18:18:14" hostname="DESKTOP-MEFN6FK" time="0.0">
  <properties/>
  <testcase name="semDiff()" classname="org.example.UtilitiesTest" time="0.0"/>
  <system-out><![CDATA[]]></system-out>
  <system-err><![CDATA[]]></system-err>
</testsuite>
