<?xml version="1.0" encoding="UTF-8"?>
<testsuite name="org.example.PeriodTest" tests="11" skipped="0" failures="0" errors="0" timestamp="2023-03-09T18:18:13" hostname="DESKTOP-MEFN6FK" time="0.75">
  <properties/>
  <testcase name="setPeriodS()" classname="org.example.PeriodTest" time="0.051"/>
  <testcase name="setPeriodW()" classname="org.example.PeriodTest" time="0.163"/>
  <testcase name="studentDash()" classname="org.example.PeriodTest" time="0.086"/>
  <testcase name="setPeriodAutoEnroll()" classname="org.example.PeriodTest" time="0.076"/>
  <testcase name="setPeriodChangeSem()" classname="org.example.PeriodTest" time="0.061"/>
  <testcase name="random()" classname="org.example.PeriodTest" time="0.042"/>
  <testcase name="breakage()" classname="org.example.PeriodTest" time="0.056"/>
  <testcase name="setPeriod()" classname="org.example.PeriodTest" time="0.036"/>
  <testcase name="instDash()" classname="org.example.PeriodTest" time="0.083"/>
  <testcase name="getPeriod()" classname="org.example.PeriodTest" time="0.033"/>
  <testcase name="acadDash()" classname="org.example.PeriodTest" time="0.053"/>
  <system-out><![CDATA[Connected to the PostgreSQL server successfully.
=================================================================================================================================================
Enter 1. Student Login|| 2. Instructor Login || 3. Academic Office Login || 4. See current event and move to the next event || 5. to say goodbye 
oooooooooooooooooooooooooooooooooooooooooooooooooooooooooooooooooooooooooooooooooooooooooooooooooooooooooooooo
YEAR:2020 TERM:S EVENT:semEnd
1 for YES and forward event ||  OTHER for NO and go back to dashboard
oooooooooooooooooooooooooooooooooooooooooooooooooooooooooooooooooooooooooooooooooooooooooooooooooooooooooooooo
Course approval pending requests were cleared for previous semester
=================================================================================================================================================
Enter 1. Student Login|| 2. Instructor Login || 3. Academic Office Login || 4. See current event and move to the next event || 5. to say goodbye 
Connected to the PostgreSQL server successfully.
=================================================================================================================================================
Enter 1. Student Login|| 2. Instructor Login || 3. Academic Office Login || 4. See current event and move to the next event || 5. to say goodbye 
oooooooooooooooooooooooooooooooooooooooooooooooooooooooooooooooooooooooooooooooooooooooooooooooooooooooooooooo
YEAR:2020 TERM:W EVENT:semEnd
1 for YES and forward event ||  OTHER for NO and go back to dashboard
oooooooooooooooooooooooooooooooooooooooooooooooooooooooooooooooooooooooooooooooooooooooooooooooooooooooooooooo
Course approval pending requests were cleared for previous semester
=================================================================================================================================================
Enter 1. Student Login|| 2. Instructor Login || 3. Academic Office Login || 4. See current event and move to the next event || 5. to say goodbye 
Connected to the PostgreSQL server successfully.
=================================================================================================================================================
Enter 1. Student Login|| 2. Instructor Login || 3. Academic Office Login || 4. See current event and move to the next event || 5. to say goodbye 
Welcome Student! Enter your student ID or press q to go back to select role screen: 
Your Password: Invalid email or password! Enter your id again or enter q to go back to role screen
Your Password: Login successful! Welcome Kulasekhara Nayak!
=======================================================================================
1. To see courses and grades. 2. Update personal info. 3. Enroll for a course 4. Graduation Check 5. Logout
+--------+----------+-------+------+
| Course | Academic | Grade | Type |
| ID     | Session  |       |      |
+--------+----------+-------+------+
| GE102  | 2020W    | A     | gr   |
+--------+----------+-------+------+
| GE104  | 2020W    | A     | gr   |
+--------+----------+-------+------+
| HS101  | 2020W    | F     | hc   |
+--------+----------+-------+------+
| HS103  | 2020W    | A     | hc   |
+--------+----------+-------+------+
| MA101  | 2020W    | A     | sc   |
+--------+----------+-------+------+
| PH101  | 2020W    | A     | sc   |
+--------+----------+-------+------+
| PH102  | 2020W    | A     | sc   |
+--------+----------+-------+------+
| MA102  | 2020S    |       | sc   |
+--------+----------+-------+------+
| CY101  | 2020S    |       | sc   |
+--------+----------+-------+------+
| GE103  | 2020S    |       | gr   |
+--------+----------+-------+------+
| GE105  | 2020S    |       | gr   |
+--------+----------+-------+------+
| GE101  | 2020S    |       | gr   |
+--------+----------+-------+------+
| CS101  | 2020S    |       | pc   |
+--------+----------+-------+------+
| CS301  | 2020S    |       | pc   |
+--------+----------+-------+------+
| CP301  | 2020W    | A     | cp   |
+--------+----------+-------+------+
| CS302  | 2020W    | A     | pc   |
+--------+----------+-------+------+
| CS332  | 2020W    | A     | pe   |
+--------+----------+-------+------+
Semester 1: 9.433962264150944
CGPA: 10.0
=======================================================================================
1. To see courses and grades. 2. Update personal info. 3. Enroll for a course 4. Graduation Check 5. Logout
Select 1. To change contact number 2. To change password. 3. To go back dashboard
=======================================================================================
1. To see courses and grades. 2. Update personal info. 3. Enroll for a course 4. Graduation Check 5. Logout
Select 1. To view the Offered Courses for this semester 2. To credit a course 3. To go back dashboard
=======================================================================================
1. To see courses and grades. 2. Update personal info. 3. Enroll for a course 4. Graduation Check 5. Logout
Needed PC: 41.0
Needed PE: 7.0
Needed CP: 9.0
Needed GR: 89.5

Your PC: 3.0
Your PE: 3.0
Your CP: 3.0
Your GR: 16.0
Not eligible for graduation
=================================================================================================================================================
Enter 1. Student Login|| 2. Instructor Login || 3. Academic Office Login || 4. See current event and move to the next event || 5. to say goodbye 
Connected to the PostgreSQL server successfully.
=================================================================================================================================================
Enter 1. Student Login|| 2. Instructor Login || 3. Academic Office Login || 4. See current event and move to the next event || 5. to say goodbye 
oooooooooooooooooooooooooooooooooooooooooooooooooooooooooooooooooooooooooooooooooooooooooooooooooooooooooooooo
YEAR:2020 TERM:S EVENT:currInfoUpload_floatCourses
1 for YES and forward event ||  OTHER for NO and go back to dashboard
oooooooooooooooooooooooooooooooooooooooooooooooooooooooooooooooooooooooooooooooooooooooooooooooooooooooooooooo
Courses auto-filled
=================================================================================================================================================
Enter 1. Student Login|| 2. Instructor Login || 3. Academic Office Login || 4. See current event and move to the next event || 5. to say goodbye 
Connected to the PostgreSQL server successfully.
=================================================================================================================================================
Enter 1. Student Login|| 2. Instructor Login || 3. Academic Office Login || 4. See current event and move to the next event || 5. to say goodbye 
oooooooooooooooooooooooooooooooooooooooooooooooooooooooooooooooooooooooooooooooooooooooooooooooooooooooooooooo
YEAR:2020 TERM:S EVENT:semEnd
1 for YES and forward event ||  OTHER for NO and go back to dashboard
oooooooooooooooooooooooooooooooooooooooooooooooooooooooooooooooooooooooooooooooooooooooooooooooooooooooooooooo
Course approval pending requests were cleared for previous semester
=================================================================================================================================================
Enter 1. Student Login|| 2. Instructor Login || 3. Academic Office Login || 4. See current event and move to the next event || 5. to say goodbye 
Connected to the PostgreSQL server successfully.
Enter File name for output CSV file along with .csv: Enter the batch of registering students: DOING FOR csb
Enter start of student ID range: Enter end of student ID range: DOING FOR mcb
Enter start of student ID range: Enter end of student ID range: DOING FOR ee
Enter start of student ID range: Enter end of student ID range: CSV file generated successfully
Connected to the PostgreSQL server successfully.
=================================================================================================================================================
Enter 1. Student Login|| 2. Instructor Login || 3. Academic Office Login || 4. See current event and move to the next event || 5. to say goodbye 
Welcome Student! Enter your student ID or press q to go back to select role screen: 
=================================================================================================================================================
Enter 1. Student Login|| 2. Instructor Login || 3. Academic Office Login || 4. See current event and move to the next event || 5. to say goodbye 
Welcome Student! Enter your student ID or press q to go back to select role screen: 
Your Password: Invalid email or password! Enter your id again or enter q to go back to role screen
=================================================================================================================================================
Enter 1. Student Login|| 2. Instructor Login || 3. Academic Office Login || 4. See current event and move to the next event || 5. to say goodbye 
=================================================================================================================================================
Enter 1. Student Login|| 2. Instructor Login || 3. Academic Office Login || 4. See current event and move to the next event || 5. to say goodbye 
Welcome Instructor! Enter your Instructor ID or press q to go back to select role screen: 
=================================================================================================================================================
Enter 1. Student Login|| 2. Instructor Login || 3. Academic Office Login || 4. See current event and move to the next event || 5. to say goodbye 
Welcome Instructor! Enter your Instructor ID or press q to go back to select role screen: 
Your Password: Invalid email or password! Enter your id again or enter q to go back to role screen
=================================================================================================================================================
Enter 1. Student Login|| 2. Instructor Login || 3. Academic Office Login || 4. See current event and move to the next event || 5. to say goodbye 
Connected to the PostgreSQL server successfully.
=================================================================================================================================================
Enter 1. Student Login|| 2. Instructor Login || 3. Academic Office Login || 4. See current event and move to the next event || 5. to say goodbye 
oooooooooooooooooooooooooooooooooooooooooooooooooooooooooooooooooooooooooooooooooooooooooooooooooooooooooooooo
YEAR:2020 TERM:S EVENT:autoEnroll_chooseElec
1 for YES and forward event ||  OTHER for NO and go back to dashboard
oooooooooooooooooooooooooooooooooooooooooooooooooooooooooooooooooooooooooooooooooooooooooooooooooooooooooooooo
=================================================================================================================================================
Enter 1. Student Login|| 2. Instructor Login || 3. Academic Office Login || 4. See current event and move to the next event || 5. to say goodbye 
Connected to the PostgreSQL server successfully.
=================================================================================================================================================
Enter 1. Student Login|| 2. Instructor Login || 3. Academic Office Login || 4. See current event and move to the next event || 5. to say goodbye 
Welcome Instructor! Enter your Instructor ID or press q to go back to select role screen: 
Your Password: Invalid email or password! Enter your id again or enter q to go back to role screen
Your Password: Login successful! Welcome instructor1!
============================================================================================================================================
1. To see grades of a student. 2. Update personal info. 3. Offer a course 4. Upload grades for a course 5. Approve credit requests 6. Logout
Enter the ID of the student whose grades you want to view:
+--------+----------+-------+------+
| Course | Academic | Grade | Type |
| ID     | Session  |       |      |
+--------+----------+-------+------+
| GE102  | 2020W    | A     | gr   |
+--------+----------+-------+------+
| GE104  | 2020W    | A     | gr   |
+--------+----------+-------+------+
| HS101  | 2020W    | F     | hc   |
+--------+----------+-------+------+
| HS103  | 2020W    | A     | hc   |
+--------+----------+-------+------+
| MA101  | 2020W    | A     | sc   |
+--------+----------+-------+------+
| PH101  | 2020W    | A     | sc   |
+--------+----------+-------+------+
| PH102  | 2020W    | A     | sc   |
+--------+----------+-------+------+
| MA102  | 2020S    |       | sc   |
+--------+----------+-------+------+
| CY101  | 2020S    |       | sc   |
+--------+----------+-------+------+
| GE103  | 2020S    |       | gr   |
+--------+----------+-------+------+
| GE105  | 2020S    |       | gr   |
+--------+----------+-------+------+
| GE101  | 2020S    |       | gr   |
+--------+----------+-------+------+
| CS101  | 2020S    |       | pc   |
+--------+----------+-------+------+
| CS301  | 2020S    |       | pc   |
+--------+----------+-------+------+
| CP301  | 2020W    | A     | cp   |
+--------+----------+-------+------+
| CS302  | 2020W    | A     | pc   |
+--------+----------+-------+------+
| CS332  | 2020W    | A     | pe   |
+--------+----------+-------+------+
Semester 1: 9.433962264150944
CGPA: 10.0
============================================================================================================================================
1. To see grades of a student. 2. Update personal info. 3. Offer a course 4. Upload grades for a course 5. Approve credit requests 6. Logout
Select 1. To change contact number 2. To change password. 3. To go back dashboard
============================================================================================================================================
1. To see grades of a student. 2. Update personal info. 3. Offer a course 4. Upload grades for a course 5. Approve credit requests 6. Logout
Course floating period is over, can not float courses until next semester :O
============================================================================================================================================
1. To see grades of a student. 2. Update personal info. 3. Offer a course 4. Upload grades for a course 5. Approve credit requests 6. Logout
Course floating period is over, can not float courses until next semester :O
Enter the file containing grades for this semester or q to leave: 
============================================================================================================================================
1. To see grades of a student. 2. Update personal info. 3. Offer a course 4. Upload grades for a course 5. Approve credit requests 6. Logout
Select 1. To view requests 2. To approve all pending 3. Approve invidiually 4. Back to Dashboard
============================================================================================================================================
1. To see grades of a student. 2. Update personal info. 3. Offer a course 4. Upload grades for a course 5. Approve credit requests 6. Logout
=================================================================================================================================================
Enter 1. Student Login|| 2. Instructor Login || 3. Academic Office Login || 4. See current event and move to the next event || 5. to say goodbye 
Connected to the PostgreSQL server successfully.
Connected to the PostgreSQL server successfully.
=================================================================================================================================================
Enter 1. Student Login|| 2. Instructor Login || 3. Academic Office Login || 4. See current event and move to the next event || 5. to say goodbye 
Welcome Academic Office! Enter the password to login or press q to go back to select role screen: 
wwwwwwwwwwwwwwwwwwwwwwwwwwwwwwwwwwwwwwwwwwwwwwwwwwwwwwwwwwwwwwwwwwwwwwwwwwwwwwwwwwwwwwwwwwwwwwwwwwwwwwwwwwwwwwwwwwwwwwwwwwwwwwwwwwwwwwwwwwwwwwwwwwwwwwwwwwwwwwwww
1. To register new students. 2. Register instructors 3. Update course catalog 4. View grades of a student 5. Generate Transcript 6. To go back to role select
Registration period is over, can not register students for year 2020 anymore
wwwwwwwwwwwwwwwwwwwwwwwwwwwwwwwwwwwwwwwwwwwwwwwwwwwwwwwwwwwwwwwwwwwwwwwwwwwwwwwwwwwwwwwwwwwwwwwwwwwwwwwwwwwwwwwwwwwwwwwwwwwwwwwwwwwwwwwwwwwwwwwwwwwwwwwwwwwwwwwww
1. To register new students. 2. Register instructors 3. Update course catalog 4. View grades of a student 5. Generate Transcript 6. To go back to role select
Registration period is over, can not register instructors for year 2020 anymore
wwwwwwwwwwwwwwwwwwwwwwwwwwwwwwwwwwwwwwwwwwwwwwwwwwwwwwwwwwwwwwwwwwwwwwwwwwwwwwwwwwwwwwwwwwwwwwwwwwwwwwwwwwwwwwwwwwwwwwwwwwwwwwwwwwwwwwwwwwwwwwwwwwwwwwwwwwwwwwwww
1. To register new students. 2. Register instructors 3. Update course catalog 4. View grades of a student 5. Generate Transcript 6. To go back to role select
Catalog update period is over, can not update course catalog at the moment.
wwwwwwwwwwwwwwwwwwwwwwwwwwwwwwwwwwwwwwwwwwwwwwwwwwwwwwwwwwwwwwwwwwwwwwwwwwwwwwwwwwwwwwwwwwwwwwwwwwwwwwwwwwwwwwwwwwwwwwwwwwwwwwwwwwwwwwwwwwwwwwwwwwwwwwwwwwwwwwwww
1. To register new students. 2. Register instructors 3. Update course catalog 4. View grades of a student 5. Generate Transcript 6. To go back to role select
Enter the ID of the student whose grades you want to view:
+--------+----------+-------+------+
| Course | Academic | Grade | Type |
| ID     | Session  |       |      |
+--------+----------+-------+------+
| GE102  | 2020W    | A     | gr   |
+--------+----------+-------+------+
| GE104  | 2020W    | A     | gr   |
+--------+----------+-------+------+
| HS101  | 2020W    | F     | hc   |
+--------+----------+-------+------+
| HS103  | 2020W    | A     | hc   |
+--------+----------+-------+------+
| MA101  | 2020W    | A     | sc   |
+--------+----------+-------+------+
| PH101  | 2020W    | A     | sc   |
+--------+----------+-------+------+
| PH102  | 2020W    | A     | sc   |
+--------+----------+-------+------+
| MA102  | 2020S    |       | sc   |
+--------+----------+-------+------+
| CY101  | 2020S    |       | sc   |
+--------+----------+-------+------+
| GE103  | 2020S    |       | gr   |
+--------+----------+-------+------+
| GE105  | 2020S    |       | gr   |
+--------+----------+-------+------+
| GE101  | 2020S    |       | gr   |
+--------+----------+-------+------+
| CS101  | 2020S    |       | pc   |
+--------+----------+-------+------+
| CS301  | 2020S    |       | pc   |
+--------+----------+-------+------+
| CP301  | 2020W    | A     | cp   |
+--------+----------+-------+------+
| CS302  | 2020W    | A     | pc   |
+--------+----------+-------+------+
| CS332  | 2020W    | A     | pe   |
+--------+----------+-------+------+
Semester 1: 9.433962264150944
CGPA: 10.0
wwwwwwwwwwwwwwwwwwwwwwwwwwwwwwwwwwwwwwwwwwwwwwwwwwwwwwwwwwwwwwwwwwwwwwwwwwwwwwwwwwwwwwwwwwwwwwwwwwwwwwwwwwwwwwwwwwwwwwwwwwwwwwwwwwwwwwwwwwwwwwwwwwwwwwwwwwwwwwwww
1. To register new students. 2. Register instructors 3. Update course catalog 4. View grades of a student 5. Generate Transcript 6. To go back to role select
Enter the student ID: 
wwwwwwwwwwwwwwwwwwwwwwwwwwwwwwwwwwwwwwwwwwwwwwwwwwwwwwwwwwwwwwwwwwwwwwwwwwwwwwwwwwwwwwwwwwwwwwwwwwwwwwwwwwwwwwwwwwwwwwwwwwwwwwwwwwwwwwwwwwwwwwwwwwwwwwwwwwwwwwwww
1. To register new students. 2. Register instructors 3. Update course catalog 4. View grades of a student 5. Generate Transcript 6. To go back to role select
=================================================================================================================================================
Enter 1. Student Login|| 2. Instructor Login || 3. Academic Office Login || 4. See current event and move to the next event || 5. to say goodbye 
]]></system-out>
  <system-err><![CDATA[]]></system-err>
</testsuite>
