<?xml version="1.0" encoding="UTF-8"?>
<testsuite name="org.example.InstructorwithDBTest" tests="1" skipped="0" failures="0" errors="0" timestamp="2023-03-08T19:40:44" hostname="DESKTOP-MEFN6FK" time="1.058">
  <properties/>
  <testcase name="offercoursetest()" classname="org.example.InstructorwithDBTest" time="1.058"/>
  <system-out><![CDATA[Connected to the PostgreSQL server successfully.
Select 1. To view the course catalog 2. To offer a course 3. View your offered courses for this semester 4. Deregister offered course 5. To go back dashboard
Enter the course code or enter q to return to dashboard: 
Offered successfully
Select 1. To view the course catalog 2. To offer a course 3. View your offered courses for this semester 4. Deregister offered course 5. To go back dashboard
]]></system-out>
  <system-err><![CDATA[]]></system-err>
</testsuite>
